RUN start seed=1949837216 max_mandatory=5 max_steps=500
[001] oblig SOPORIFIQUE RIGHT @ (1,14) len=12 pattern=............ +DEF (12,14)
[002] oblig LUGUBRE RIGHT @ (1,12) len=12 pattern=............ +DEF (8,12)
[003] oblig OURLE DOWN @ (8,1) len=11 pattern=........... +DEF (8,6)
[004] oblig IRE RIGHT @ (9,6) len=4 pattern=.... +DEF (12,6)
[005] oblig VERSATILE RIGHT @ (1,8) len=12 pattern=............ +DEF (10,8)
[006] fill TA RIGHT @ (11,8) len=2 pattern=..
[007] fill LIMA RIGHT @ (9,12) len=4 pattern=....
[008] fill HECTOR DOWN @ (12,15) len=6 pattern=......
[009] fill LATTE DOWN @ (12,1) len=5 pattern=.....
[010] fill CONFORT DOWN @ (10,1) len=7 pattern=.....R.
[011] fill TRIMER RIGHT @ (1,4) len=12 pattern=.......L.F.T +DEF (7,4)
[012] fill POCHES RIGHT @ (1,6) len=7 pattern=....... +DEF (7,6)
[013] fill ZIMBABWE RIGHT @ (1,18) len=12 pattern=...........T +DEF (9,18)
[014] fill DUT RIGHT @ (10,18) len=3 pattern=..T
[015] fill MAREE RIGHT @ (1,20) len=12 pattern=...........R +DEF (6,20)
[016] fill DELATEUR RIGHT @ (1,16) len=12 pattern=...........E +DEF (9,16)
[017] fill LUMINEUX RIGHT @ (1,10) len=12 pattern=............ +DEF (9,10)
[018] fill DUE RIGHT @ (10,10) len=3 pattern=...
[019] fill UNE RIGHT @ (10,16) len=3 pattern=..E
[020] fill EXCLUT RIGHT @ (1,2) len=12 pattern=.......U.O.A +DEF (7,2)
[021] fill STORES DOWN @ (6,1) len=19 pattern=.T.R.S.T.E.R.I.E.B. +DEF (6,7)
[022] fill SITUEE DOWN @ (7,7) len=14 pattern=.I.U.E.F.U.W.. +DEF (7,13)
[023] fill LABEUR RIGHT @ (7,20) len=6 pattern=.....R
[024] fill LAVE DOWN @ (12,7) len=7 pattern=.A.E.A. +DEF (12,11)
[025] fill AH DOWN @ (12,12) len=2 pattern=A.
[026] fill SA RIGHT @ (7,7) len=6 pattern=S..T.L +DEF (9,7)
[027] fill FOU DOWN @ (5,0) len=21 pattern=..U.E.E.A.N.B.R.T.A.E +DEF (5,3)
[028] fill OUEST DOWN @ (1,0) len=21 pattern=..E.T.P.V.L.L.S.D.Z.M +DEF (1,5)
[029] fill AL DOWN @ (7,0) len=2 pattern=..
[030] fill TEE DOWN @ (6,8) len=12 pattern=T.E.R.I.E.B. +DEF (6,11)
[031] fill EU DOWN @ (9,8) len=2 pattern=E.
[032] fill FEU DOWN @ (7,14) len=7 pattern=F.U.W.L +DEF (7,17)
[033] fill ERE DOWN @ (5,4) len=17 pattern=E.E.A.N.B.R.T.A.E +DEF (5,7)
[034] fill IL DOWN @ (9,11) len=5 pattern=.L.Q. +DEF (9,13)
[035] fill ABC DOWN @ (3,0) len=21 pattern=..C.I.C.R.M.G.P.L.M.R +DEF (3,3)
[036] fill OS RIGHT @ (0,3) len=3 pattern=.S. +DEF (2,3)
[037] fill RIO DOWN @ (2,4) len=17 pattern=R.O.E.U.U.O.E.I.A +DEF (2,7)
[038] fill TU RIGHT @ (0,1) len=13 pattern=.U.B.OSLO.C.L +DEF (2,1)
[039] fill CI DOWN @ (8,13) len=8 pattern=.I.R.E.A +DEF (8,15)
[040] fill SAM RIGHT @ (0,9) len=13 pattern=......ET.U..V +DEF (3,9)
[041] fill RAI DOWN @ (6,12) len=8 pattern=R.I.E.B. +DEF (6,15)
[042] fill RUE DOWN @ (8,16) len=5 pattern=R.E.A +DEF (8,19)
[043] fill EMU DOWN @ (2,8) len=13 pattern=EMU.U.O.E.I.A +DEF (2,11)
[044] fill NE RIGHT @ (0,13) len=7 pattern=......A +DEF (2,13)
[045] fill OSE DOWN @ (2,14) len=7 pattern=O.E.I.A +DEF (2,17)
[046] fill US RIGHT @ (8,17) len=5 pattern=U...C +DEF (10,17)
[047] fill IRA DOWN @ (2,18) len=3 pattern=I.A
STOP: aucun mot placable.
DONE: placed=47 unplaced=0
[001] oblig SOPORIFIQUE RIGHT @ (1,14) len=11 pattern=SOPORIFIQUE
HB steps=1 queue_idx=1 used_slots=1
[002] oblig LUGUBRE RIGHT @ (1,12) len=7 pattern=LUGUBRE
[003] oblig OURLE DOWN @ (8,1) len=5 pattern=OURLE
[004] oblig IRE RIGHT @ (9,6) len=3 pattern=IRE
[005] oblig VERSATILE RIGHT @ (1,8) len=9 pattern=VERSATILE
STOP: aucun mot placable.
DONE: placed=5 unplaced=0
